<?xml version="1.0" encoding="UTF-8"?>
<!-- Generated by org.testng.reporters.JUnitReportReporter -->
<testsuite hostname="LAPTOP-QSGOG4BT" failures="0" tests="2" name="practice.Create_Test" time="0.007" errors="0" timestamp="2023-01-18T12:58:25 IST" skipped="0">
  <testcase classname="practice.Create_Test" name="edited" time="0.001"/>
  <system-out/>
  <testcase classname="practice.Create_Test" name="create" time="0.006"/>
  <system-out/>
</testsuite> <!-- practice.Create_Test -->
